Info: Starting: Create block symbol file (.bsf)
Info: qsys-generate C:\MyDir\DE10_Nios\nios2e.qsys --block-symbol-file --output-directory=C:\MyDir\DE10_Nios\nios2e --family="Cyclone V" --part=5CSEBA6U23I7
Progress: Loading DE10_Nios/nios2e.qsys
Progress: Reading input file
Progress: Adding DECODE0 [altera_avalon_pio 18.1]
Progress: Parameterizing module DECODE0
Progress: Adding PERIOD0 [altera_avalon_pio 18.1]
Progress: Parameterizing module PERIOD0
Progress: Adding clk_0 [clock_source 18.1]
Progress: Parameterizing module clk_0
Progress: Adding nios2_qsys_0 [altera_nios2_gen2 18.1]
Progress: Parameterizing module nios2_qsys_0
Progress: Adding onchip_memory2_0 [altera_avalon_onchip_memory2 18.1]
Progress: Parameterizing module onchip_memory2_0
Progress: Adding uart_0 [altera_avalon_uart 18.1]
Progress: Parameterizing module uart_0
Progress: Building connections
Progress: Parameterizing connections
Progress: Validating
Progress: Done reading input file
Info: qsys-generate succeeded.
Info: Finished: Create block symbol file (.bsf)
Info: 
Info: Starting: Create HDL design files for synthesis
Info: qsys-generate C:\MyDir\DE10_Nios\nios2e.qsys --synthesis=VERILOG --output-directory=C:\MyDir\DE10_Nios\nios2e\synthesis --family="Cyclone V" --part=5CSEBA6U23I7
Progress: Loading DE10_Nios/nios2e.qsys
Progress: Reading input file
Progress: Adding DECODE0 [altera_avalon_pio 18.1]
Progress: Parameterizing module DECODE0
Progress: Adding PERIOD0 [altera_avalon_pio 18.1]
Progress: Parameterizing module PERIOD0
Progress: Adding clk_0 [clock_source 18.1]
Progress: Parameterizing module clk_0
Progress: Adding nios2_qsys_0 [altera_nios2_gen2 18.1]
Progress: Parameterizing module nios2_qsys_0
Progress: Adding onchip_memory2_0 [altera_avalon_onchip_memory2 18.1]
Progress: Parameterizing module onchip_memory2_0
Progress: Adding uart_0 [altera_avalon_uart 18.1]
Progress: Parameterizing module uart_0
Progress: Building connections
Progress: Parameterizing connections
Progress: Validating
Progress: Done reading input file
Info: nios2e: Generating nios2e "nios2e" for QUARTUS_SYNTH
Info: DECODE0: Starting RTL generation for module 'nios2e_DECODE0'
Info: DECODE0:   Generation command is [exec C:/intelfpga_lite/18.1/quartus/bin64/perl/bin/perl.exe -I C:/intelfpga_lite/18.1/quartus/bin64/perl/lib -I C:/intelfpga_lite/18.1/quartus/sopc_builder/bin/europa -I C:/intelfpga_lite/18.1/quartus/sopc_builder/bin/perl_lib -I C:/intelfpga_lite/18.1/quartus/sopc_builder/bin -I C:/intelfpga_lite/18.1/quartus/../ip/altera/sopc_builder_ip/common -I C:/intelfpga_lite/18.1/quartus/../ip/altera/sopc_builder_ip/altera_avalon_pio -- C:/intelfpga_lite/18.1/quartus/../ip/altera/sopc_builder_ip/altera_avalon_pio/generate_rtl.pl --name=nios2e_DECODE0 --dir=C:/Users/JBL/AppData/Local/Temp/alt8813_58721971555459778.dir/0002_DECODE0_gen/ --quartus_dir=C:/intelfpga_lite/18.1/quartus --verilog --config=C:/Users/JBL/AppData/Local/Temp/alt8813_58721971555459778.dir/0002_DECODE0_gen//nios2e_DECODE0_component_configuration.pl  --do_build_sim=0  ]
Info: DECODE0: Done RTL generation for module 'nios2e_DECODE0'
Info: DECODE0: "nios2e" instantiated altera_avalon_pio "DECODE0"
Info: nios2_qsys_0: "nios2e" instantiated altera_nios2_gen2 "nios2_qsys_0"
Info: onchip_memory2_0: Starting RTL generation for module 'nios2e_onchip_memory2_0'
Info: onchip_memory2_0:   Generation command is [exec C:/intelfpga_lite/18.1/quartus/bin64/perl/bin/perl.exe -I C:/intelfpga_lite/18.1/quartus/bin64/perl/lib -I C:/intelfpga_lite/18.1/quartus/sopc_builder/bin/europa -I C:/intelfpga_lite/18.1/quartus/sopc_builder/bin/perl_lib -I C:/intelfpga_lite/18.1/quartus/sopc_builder/bin -I C:/intelfpga_lite/18.1/quartus/../ip/altera/sopc_builder_ip/common -I C:/intelfpga_lite/18.1/quartus/../ip/altera/sopc_builder_ip/altera_avalon_onchip_memory2 -- C:/intelfpga_lite/18.1/quartus/../ip/altera/sopc_builder_ip/altera_avalon_onchip_memory2/generate_rtl.pl --name=nios2e_onchip_memory2_0 --dir=C:/Users/JBL/AppData/Local/Temp/alt8813_58721971555459778.dir/0003_onchip_memory2_0_gen/ --quartus_dir=C:/intelfpga_lite/18.1/quartus --verilog --config=C:/Users/JBL/AppData/Local/Temp/alt8813_58721971555459778.dir/0003_onchip_memory2_0_gen//nios2e_onchip_memory2_0_component_configuration.pl  --do_build_sim=0  ]
Info: onchip_memory2_0: Done RTL generation for module 'nios2e_onchip_memory2_0'
Info: onchip_memory2_0: "nios2e" instantiated altera_avalon_onchip_memory2 "onchip_memory2_0"
Info: uart_0: Starting RTL generation for module 'nios2e_uart_0'
Info: uart_0:   Generation command is [exec C:/intelfpga_lite/18.1/quartus/bin64/perl/bin/perl.exe -I C:/intelfpga_lite/18.1/quartus/bin64/perl/lib -I C:/intelfpga_lite/18.1/quartus/sopc_builder/bin/europa -I C:/intelfpga_lite/18.1/quartus/sopc_builder/bin/perl_lib -I C:/intelfpga_lite/18.1/quartus/sopc_builder/bin -I C:/intelfpga_lite/18.1/quartus/../ip/altera/sopc_builder_ip/common -I C:/intelfpga_lite/18.1/quartus/../ip/altera/sopc_builder_ip/altera_avalon_uart -- C:/intelfpga_lite/18.1/quartus/../ip/altera/sopc_builder_ip/altera_avalon_uart/generate_rtl.pl --name=nios2e_uart_0 --dir=C:/Users/JBL/AppData/Local/Temp/alt8813_58721971555459778.dir/0004_uart_0_gen/ --quartus_dir=C:/intelfpga_lite/18.1/quartus --verilog --config=C:/Users/JBL/AppData/Local/Temp/alt8813_58721971555459778.dir/0004_uart_0_gen//nios2e_uart_0_component_configuration.pl  --do_build_sim=0  ]
Info: uart_0: Done RTL generation for module 'nios2e_uart_0'
Info: uart_0: "nios2e" instantiated altera_avalon_uart "uart_0"
Info: avalon_st_adapter: Inserting error_adapter: error_adapter_0
Info: avalon_st_adapter_001: Inserting error_adapter: error_adapter_0
Info: avalon_st_adapter_002: Inserting error_adapter: error_adapter_0
Info: avalon_st_adapter_003: Inserting error_adapter: error_adapter_0
Info: avalon_st_adapter_004: Inserting error_adapter: error_adapter_0
Info: mm_interconnect_0: "nios2e" instantiated altera_mm_interconnect "mm_interconnect_0"
Info: irq_mapper: "nios2e" instantiated altera_irq_mapper "irq_mapper"
Info: rst_controller: "nios2e" instantiated altera_reset_controller "rst_controller"
Info: cpu: Starting RTL generation for module 'nios2e_nios2_qsys_0_cpu'
Info: cpu:   Generation command is [exec C:/intelFPGA_lite/18.1/quartus/bin64//eperlcmd.exe -I C:/intelFPGA_lite/18.1/quartus/bin64//perl/lib -I C:/intelfpga_lite/18.1/quartus/sopc_builder/bin/europa -I C:/intelfpga_lite/18.1/quartus/sopc_builder/bin/perl_lib -I C:/intelfpga_lite/18.1/quartus/sopc_builder/bin -I C:/intelfpga_lite/18.1/quartus/../ip/altera/nios2_ip/altera_nios2_gen2/cpu_lib -I C:/intelfpga_lite/18.1/quartus/../ip/altera/nios2_ip/altera_nios2_gen2/nios_lib -I C:/intelfpga_lite/18.1/quartus/../ip/altera/nios2_ip/altera_nios2_gen2 -I C:/intelfpga_lite/18.1/quartus/../ip/altera/nios2_ip/altera_nios2_gen2 -- C:/intelfpga_lite/18.1/quartus/../ip/altera/nios2_ip/altera_nios2_gen2/generate_rtl.epl --name=nios2e_nios2_qsys_0_cpu --dir=C:/Users/JBL/AppData/Local/Temp/alt8813_58721971555459778.dir/0007_cpu_gen/ --quartus_bindir=C:/intelFPGA_lite/18.1/quartus/bin64/ --verilog --config=C:/Users/JBL/AppData/Local/Temp/alt8813_58721971555459778.dir/0007_cpu_gen//nios2e_nios2_qsys_0_cpu_processor_configuration.pl  --do_build_sim=0  ]
Info: cpu: # 2021.07.05 15:33:06 (*) Starting Nios II generation
Info: cpu: # 2021.07.05 15:33:06 (*)   Checking for plaintext license.
Info: cpu: # 2021.07.05 15:33:06 (*)   Plaintext license not found.
Info: cpu: # 2021.07.05 15:33:06 (*)   No license required to generate encrypted Nios II/e.
Info: cpu: # 2021.07.05 15:33:06 (*)   Elaborating CPU configuration settings
Info: cpu: # 2021.07.05 15:33:06 (*)   Creating all objects for CPU
Info: cpu: # 2021.07.05 15:33:08 (*)   Generating RTL from CPU objects
Info: cpu: # 2021.07.05 15:33:08 (*)   Creating plain-text RTL
Info: cpu: # 2021.07.05 15:33:08 (*) Done Nios II generation
Info: cpu: Done RTL generation for module 'nios2e_nios2_qsys_0_cpu'
Info: cpu: "nios2_qsys_0" instantiated altera_nios2_gen2_unit "cpu"
Info: nios2_qsys_0_data_master_translator: "mm_interconnect_0" instantiated altera_merlin_master_translator "nios2_qsys_0_data_master_translator"
Info: nios2_qsys_0_debug_mem_slave_translator: "mm_interconnect_0" instantiated altera_merlin_slave_translator "nios2_qsys_0_debug_mem_slave_translator"
Info: nios2_qsys_0_data_master_agent: "mm_interconnect_0" instantiated altera_merlin_master_agent "nios2_qsys_0_data_master_agent"
Info: nios2_qsys_0_debug_mem_slave_agent: "mm_interconnect_0" instantiated altera_merlin_slave_agent "nios2_qsys_0_debug_mem_slave_agent"
Info: nios2_qsys_0_debug_mem_slave_agent_rsp_fifo: "mm_interconnect_0" instantiated altera_avalon_sc_fifo "nios2_qsys_0_debug_mem_slave_agent_rsp_fifo"
Info: router: "mm_interconnect_0" instantiated altera_merlin_router "router"
Info: router_001: "mm_interconnect_0" instantiated altera_merlin_router "router_001"
Info: router_002: "mm_interconnect_0" instantiated altera_merlin_router "router_002"
Info: router_003: "mm_interconnect_0" instantiated altera_merlin_router "router_003"
Info: cmd_demux: "mm_interconnect_0" instantiated altera_merlin_demultiplexer "cmd_demux"
Info: cmd_demux_001: "mm_interconnect_0" instantiated altera_merlin_demultiplexer "cmd_demux_001"
Info: cmd_mux: "mm_interconnect_0" instantiated altera_merlin_multiplexer "cmd_mux"
Info: cmd_mux_001: "mm_interconnect_0" instantiated altera_merlin_multiplexer "cmd_mux_001"
Info: Reusing file C:/MyDir/DE10_Nios/nios2e/synthesis/submodules/altera_merlin_arbitrator.sv
Info: rsp_demux_001: "mm_interconnect_0" instantiated altera_merlin_demultiplexer "rsp_demux_001"
Info: rsp_mux: "mm_interconnect_0" instantiated altera_merlin_multiplexer "rsp_mux"
Info: Reusing file C:/MyDir/DE10_Nios/nios2e/synthesis/submodules/altera_merlin_arbitrator.sv
Info: rsp_mux_001: "mm_interconnect_0" instantiated altera_merlin_multiplexer "rsp_mux_001"
Info: Reusing file C:/MyDir/DE10_Nios/nios2e/synthesis/submodules/altera_merlin_arbitrator.sv
Info: avalon_st_adapter: "mm_interconnect_0" instantiated altera_avalon_st_adapter "avalon_st_adapter"
Info: error_adapter_0: "avalon_st_adapter" instantiated error_adapter "error_adapter_0"
Info: nios2e: Done "nios2e" with 27 modules, 40 files
Info: qsys-generate succeeded.
Info: Finished: Create HDL design files for synthesis
